<?xml version="1.0" encoding="UTF-8"?>
<testsuite xmlns:xsi="http://www.w3.org/2001/XMLSchema-instance" xsi:noNamespaceSchemaLocation="https://maven.apache.org/surefire/maven-surefire-plugin/xsd/surefire-test-report-3.0.xsd" version="3.0" name="gt.solucion10x.cucumber.RunCucumberTest" time="9.371" tests="1" errors="1" skipped="0" failures="0">
  <properties>
    <property name="awt.toolkit" value="sun.awt.X11.XToolkit"/>
    <property name="file.encoding.pkg" value="sun.io"/>
    <property name="java.specification.version" value="1.8"/>
    <property name="webdriver.chrome.driver" value="/home/kepl32/.cache/selenium/chromedriver/linux64/102.0.5005.61/chromedriver"/>
    <property name="sun.cpu.isalist" value=""/>
    <property name="sun.jnu.encoding" value="UTF-8"/>
    <property name="java.class.path" value="/home/kepl32/Downloads/Ejemplo/java-test-tutorial01/target/test-classes:/home/kepl32/Downloads/Ejemplo/java-test-tutorial01/target/classes:/home/kepl32/Dev-tools/maven/repo-maven-3.8.3/io/cucumber/cucumber-java/7.0.0/cucumber-java-7.0.0.jar:/home/kepl32/Dev-tools/maven/repo-maven-3.8.3/io/cucumber/cucumber-core/7.0.0/cucumber-core-7.0.0.jar:/home/kepl32/Dev-tools/maven/repo-maven-3.8.3/io/cucumber/cucumber-gherkin/7.0.0/cucumber-gherkin-7.0.0.jar:/home/kepl32/Dev-tools/maven/repo-maven-3.8.3/io/cucumber/cucumber-gherkin-messages/7.0.0/cucumber-gherkin-messages-7.0.0.jar:/home/kepl32/Dev-tools/maven/repo-maven-3.8.3/io/cucumber/messages/17.1.1/messages-17.1.1.jar:/home/kepl32/Dev-tools/maven/repo-maven-3.8.3/io/cucumber/tag-expressions/4.0.2/tag-expressions-4.0.2.jar:/home/kepl32/Dev-tools/maven/repo-maven-3.8.3/io/cucumber/cucumber-expressions/13.0.1/cucumber-expressions-13.0.1.jar:/home/kepl32/Dev-tools/maven/repo-maven-3.8.3/io/cucumber/datatable/7.0.0/datatable-7.0.0.jar:/home/kepl32/Dev-tools/maven/repo-maven-3.8.3/io/cucumber/cucumber-plugin/7.0.0/cucumber-plugin-7.0.0.jar:/home/kepl32/Dev-tools/maven/repo-maven-3.8.3/io/cucumber/docstring/7.0.0/docstring-7.0.0.jar:/home/kepl32/Dev-tools/maven/repo-maven-3.8.3/io/cucumber/html-formatter/17.0.0/html-formatter-17.0.0.jar:/home/kepl32/Dev-tools/maven/repo-maven-3.8.3/io/cucumber/create-meta/6.0.1/create-meta-6.0.1.jar:/home/kepl32/Dev-tools/maven/repo-maven-3.8.3/org/apiguardian/apiguardian-api/1.1.2/apiguardian-api-1.1.2.jar:/home/kepl32/Dev-tools/maven/repo-maven-3.8.3/io/cucumber/cucumber-junit-platform-engine/7.0.0/cucumber-junit-platform-engine-7.0.0.jar:/home/kepl32/Dev-tools/maven/repo-maven-3.8.3/org/junit/platform/junit-platform-engine/1.8.1/junit-platform-engine-1.8.1.jar:/home/kepl32/Dev-tools/maven/repo-maven-3.8.3/org/opentest4j/opentest4j/1.2.0/opentest4j-1.2.0.jar:/home/kepl32/Dev-tools/maven/repo-maven-3.8.3/org/junit/platform/junit-platform-commons/1.8.1/junit-platform-commons-1.8.1.jar:/home/kepl32/Dev-tools/maven/repo-maven-3.8.3/org/junit/platform/junit-platform-suite/1.8.1/junit-platform-suite-1.8.1.jar:/home/kepl32/Dev-tools/maven/repo-maven-3.8.3/org/junit/platform/junit-platform-suite-api/1.8.1/junit-platform-suite-api-1.8.1.jar:/home/kepl32/Dev-tools/maven/repo-maven-3.8.3/org/junit/platform/junit-platform-suite-engine/1.8.1/junit-platform-suite-engine-1.8.1.jar:/home/kepl32/Dev-tools/maven/repo-maven-3.8.3/org/junit/platform/junit-platform-suite-commons/1.8.1/junit-platform-suite-commons-1.8.1.jar:/home/kepl32/Dev-tools/maven/repo-maven-3.8.3/org/junit/platform/junit-platform-launcher/1.8.1/junit-platform-launcher-1.8.1.jar:/home/kepl32/Dev-tools/maven/repo-maven-3.8.3/org/junit/jupiter/junit-jupiter/5.8.1/junit-jupiter-5.8.1.jar:/home/kepl32/Dev-tools/maven/repo-maven-3.8.3/org/junit/jupiter/junit-jupiter-api/5.8.1/junit-jupiter-api-5.8.1.jar:/home/kepl32/Dev-tools/maven/repo-maven-3.8.3/org/junit/jupiter/junit-jupiter-params/5.8.1/junit-jupiter-params-5.8.1.jar:/home/kepl32/Dev-tools/maven/repo-maven-3.8.3/org/junit/jupiter/junit-jupiter-engine/5.8.1/junit-jupiter-engine-5.8.1.jar:/home/kepl32/Dev-tools/maven/repo-maven-3.8.3/org/seleniumhq/selenium/selenium-java/4.2.2/selenium-java-4.2.2.jar:/home/kepl32/Dev-tools/maven/repo-maven-3.8.3/org/seleniumhq/selenium/selenium-api/4.2.2/selenium-api-4.2.2.jar:/home/kepl32/Dev-tools/maven/repo-maven-3.8.3/org/seleniumhq/selenium/selenium-chrome-driver/4.2.2/selenium-chrome-driver-4.2.2.jar:/home/kepl32/Dev-tools/maven/repo-maven-3.8.3/com/google/auto/service/auto-service-annotations/1.0.1/auto-service-annotations-1.0.1.jar:/home/kepl32/Dev-tools/maven/repo-maven-3.8.3/com/google/auto/service/auto-service/1.0.1/auto-service-1.0.1.jar:/home/kepl32/Dev-tools/maven/repo-maven-3.8.3/com/google/auto/auto-common/1.2/auto-common-1.2.jar:/home/kepl32/Dev-tools/maven/repo-maven-3.8.3/com/google/guava/guava/31.1-jre/guava-31.1-jre.jar:/home/kepl32/Dev-tools/maven/repo-maven-3.8.3/com/google/guava/failureaccess/1.0.1/failureaccess-1.0.1.jar:/home/kepl32/Dev-tools/maven/repo-maven-3.8.3/com/google/guava/listenablefuture/9999.0-empty-to-avoid-conflict-with-guava/listenablefuture-9999.0-empty-to-avoid-conflict-with-guava.jar:/home/kepl32/Dev-tools/maven/repo-maven-3.8.3/com/google/code/findbugs/jsr305/3.0.2/jsr305-3.0.2.jar:/home/kepl32/Dev-tools/maven/repo-maven-3.8.3/org/checkerframework/checker-qual/3.12.0/checker-qual-3.12.0.jar:/home/kepl32/Dev-tools/maven/repo-maven-3.8.3/com/google/errorprone/error_prone_annotations/2.11.0/error_prone_annotations-2.11.0.jar:/home/kepl32/Dev-tools/maven/repo-maven-3.8.3/com/google/j2objc/j2objc-annotations/1.3/j2objc-annotations-1.3.jar:/home/kepl32/Dev-tools/maven/repo-maven-3.8.3/org/seleniumhq/selenium/selenium-chromium-driver/4.2.2/selenium-chromium-driver-4.2.2.jar:/home/kepl32/Dev-tools/maven/repo-maven-3.8.3/org/seleniumhq/selenium/selenium-json/4.2.2/selenium-json-4.2.2.jar:/home/kepl32/Dev-tools/maven/repo-maven-3.8.3/org/seleniumhq/selenium/selenium-devtools-v100/4.2.2/selenium-devtools-v100-4.2.2.jar:/home/kepl32/Dev-tools/maven/repo-maven-3.8.3/org/seleniumhq/selenium/selenium-devtools-v101/4.2.2/selenium-devtools-v101-4.2.2.jar:/home/kepl32/Dev-tools/maven/repo-maven-3.8.3/org/seleniumhq/selenium/selenium-devtools-v102/4.2.2/selenium-devtools-v102-4.2.2.jar:/home/kepl32/Dev-tools/maven/repo-maven-3.8.3/org/seleniumhq/selenium/selenium-devtools-v85/4.2.2/selenium-devtools-v85-4.2.2.jar:/home/kepl32/Dev-tools/maven/repo-maven-3.8.3/org/seleniumhq/selenium/selenium-edge-driver/4.2.2/selenium-edge-driver-4.2.2.jar:/home/kepl32/Dev-tools/maven/repo-maven-3.8.3/org/seleniumhq/selenium/selenium-firefox-driver/4.2.2/selenium-firefox-driver-4.2.2.jar:/home/kepl32/Dev-tools/maven/repo-maven-3.8.3/org/seleniumhq/selenium/selenium-ie-driver/4.2.2/selenium-ie-driver-4.2.2.jar:/home/kepl32/Dev-tools/maven/repo-maven-3.8.3/org/seleniumhq/selenium/selenium-opera-driver/4.2.2/selenium-opera-driver-4.2.2.jar:/home/kepl32/Dev-tools/maven/repo-maven-3.8.3/org/seleniumhq/selenium/selenium-remote-driver/4.2.2/selenium-remote-driver-4.2.2.jar:/home/kepl32/Dev-tools/maven/repo-maven-3.8.3/com/beust/jcommander/1.82/jcommander-1.82.jar:/home/kepl32/Dev-tools/maven/repo-maven-3.8.3/io/netty/netty-buffer/4.1.77.Final/netty-buffer-4.1.77.Final.jar:/home/kepl32/Dev-tools/maven/repo-maven-3.8.3/io/netty/netty-codec-http/4.1.77.Final/netty-codec-http-4.1.77.Final.jar:/home/kepl32/Dev-tools/maven/repo-maven-3.8.3/io/netty/netty-codec/4.1.77.Final/netty-codec-4.1.77.Final.jar:/home/kepl32/Dev-tools/maven/repo-maven-3.8.3/io/netty/netty-handler/4.1.77.Final/netty-handler-4.1.77.Final.jar:/home/kepl32/Dev-tools/maven/repo-maven-3.8.3/io/netty/netty-common/4.1.77.Final/netty-common-4.1.77.Final.jar:/home/kepl32/Dev-tools/maven/repo-maven-3.8.3/io/netty/netty-transport-classes-epoll/4.1.77.Final/netty-transport-classes-epoll-4.1.77.Final.jar:/home/kepl32/Dev-tools/maven/repo-maven-3.8.3/io/netty/netty-transport-classes-kqueue/4.1.77.Final/netty-transport-classes-kqueue-4.1.77.Final.jar:/home/kepl32/Dev-tools/maven/repo-maven-3.8.3/io/netty/netty-transport-native-epoll/4.1.77.Final/netty-transport-native-epoll-4.1.77.Final.jar:/home/kepl32/Dev-tools/maven/repo-maven-3.8.3/io/netty/netty-transport-native-kqueue/4.1.77.Final/netty-transport-native-kqueue-4.1.77.Final.jar:/home/kepl32/Dev-tools/maven/repo-maven-3.8.3/io/netty/netty-transport-native-unix-common/4.1.77.Final/netty-transport-native-unix-common-4.1.77.Final.jar:/home/kepl32/Dev-tools/maven/repo-maven-3.8.3/io/netty/netty-transport/4.1.77.Final/netty-transport-4.1.77.Final.jar:/home/kepl32/Dev-tools/maven/repo-maven-3.8.3/io/netty/netty-resolver/4.1.77.Final/netty-resolver-4.1.77.Final.jar:/home/kepl32/Dev-tools/maven/repo-maven-3.8.3/io/opentelemetry/opentelemetry-api/1.14.0/opentelemetry-api-1.14.0.jar:/home/kepl32/Dev-tools/maven/repo-maven-3.8.3/io/opentelemetry/opentelemetry-context/1.14.0/opentelemetry-context-1.14.0.jar:/home/kepl32/Dev-tools/maven/repo-maven-3.8.3/io/opentelemetry/opentelemetry-exporter-logging/1.14.0/opentelemetry-exporter-logging-1.14.0.jar:/home/kepl32/Dev-tools/maven/repo-maven-3.8.3/io/opentelemetry/opentelemetry-sdk-metrics/1.14.0/opentelemetry-sdk-metrics-1.14.0.jar:/home/kepl32/Dev-tools/maven/repo-maven-3.8.3/io/opentelemetry/opentelemetry-sdk-logs/1.14.0-alpha/opentelemetry-sdk-logs-1.14.0-alpha.jar:/home/kepl32/Dev-tools/maven/repo-maven-3.8.3/io/opentelemetry/opentelemetry-sdk-common/1.14.0/opentelemetry-sdk-common-1.14.0.jar:/home/kepl32/Dev-tools/maven/repo-maven-3.8.3/io/opentelemetry/opentelemetry-sdk-extension-autoconfigure-spi/1.14.0/opentelemetry-sdk-extension-autoconfigure-spi-1.14.0.jar:/home/kepl32/Dev-tools/maven/repo-maven-3.8.3/io/opentelemetry/opentelemetry-sdk-extension-autoconfigure/1.14.0-alpha/opentelemetry-sdk-extension-autoconfigure-1.14.0-alpha.jar:/home/kepl32/Dev-tools/maven/repo-maven-3.8.3/io/opentelemetry/opentelemetry-sdk-trace/1.14.0/opentelemetry-sdk-trace-1.14.0.jar:/home/kepl32/Dev-tools/maven/repo-maven-3.8.3/io/opentelemetry/opentelemetry-sdk/1.14.0/opentelemetry-sdk-1.14.0.jar:/home/kepl32/Dev-tools/maven/repo-maven-3.8.3/io/opentelemetry/opentelemetry-semconv/1.14.0-alpha/opentelemetry-semconv-1.14.0-alpha.jar:/home/kepl32/Dev-tools/maven/repo-maven-3.8.3/io/ous/jtoml/2.0.0/jtoml-2.0.0.jar:/home/kepl32/Dev-tools/maven/repo-maven-3.8.3/net/bytebuddy/byte-buddy/1.12.10/byte-buddy-1.12.10.jar:/home/kepl32/Dev-tools/maven/repo-maven-3.8.3/org/apache/commons/commons-exec/1.3/commons-exec-1.3.jar:/home/kepl32/Dev-tools/maven/repo-maven-3.8.3/org/asynchttpclient/async-http-client/2.12.3/async-http-client-2.12.3.jar:/home/kepl32/Dev-tools/maven/repo-maven-3.8.3/org/asynchttpclient/async-http-client-netty-utils/2.12.3/async-http-client-netty-utils-2.12.3.jar:/home/kepl32/Dev-tools/maven/repo-maven-3.8.3/io/netty/netty-codec-socks/4.1.60.Final/netty-codec-socks-4.1.60.Final.jar:/home/kepl32/Dev-tools/maven/repo-maven-3.8.3/io/netty/netty-handler-proxy/4.1.60.Final/netty-handler-proxy-4.1.60.Final.jar:/home/kepl32/Dev-tools/maven/repo-maven-3.8.3/io/netty/netty-transport-native-epoll/4.1.60.Final/netty-transport-native-epoll-4.1.60.Final-linux-x86_64.jar:/home/kepl32/Dev-tools/maven/repo-maven-3.8.3/io/netty/netty-transport-native-kqueue/4.1.60.Final/netty-transport-native-kqueue-4.1.60.Final-osx-x86_64.jar:/home/kepl32/Dev-tools/maven/repo-maven-3.8.3/org/reactivestreams/reactive-streams/1.0.3/reactive-streams-1.0.3.jar:/home/kepl32/Dev-tools/maven/repo-maven-3.8.3/com/typesafe/netty/netty-reactive-streams/2.0.4/netty-reactive-streams-2.0.4.jar:/home/kepl32/Dev-tools/maven/repo-maven-3.8.3/com/sun/activation/jakarta.activation/1.2.2/jakarta.activation-1.2.2.jar:/home/kepl32/Dev-tools/maven/repo-maven-3.8.3/org/seleniumhq/selenium/selenium-http/4.2.2/selenium-http-4.2.2.jar:/home/kepl32/Dev-tools/maven/repo-maven-3.8.3/dev/failsafe/failsafe/3.2.4/failsafe-3.2.4.jar:/home/kepl32/Dev-tools/maven/repo-maven-3.8.3/org/seleniumhq/selenium/selenium-safari-driver/4.2.2/selenium-safari-driver-4.2.2.jar:/home/kepl32/Dev-tools/maven/repo-maven-3.8.3/org/seleniumhq/selenium/selenium-support/4.2.2/selenium-support-4.2.2.jar:/home/kepl32/Dev-tools/maven/repo-maven-3.8.3/io/github/bonigarcia/webdrivermanager/5.1.0/webdrivermanager-5.1.0.jar:/home/kepl32/Dev-tools/maven/repo-maven-3.8.3/org/slf4j/slf4j-api/1.7.36/slf4j-api-1.7.36.jar:/home/kepl32/Dev-tools/maven/repo-maven-3.8.3/com/google/code/gson/gson/2.9.0/gson-2.9.0.jar:/home/kepl32/Dev-tools/maven/repo-maven-3.8.3/com/github/docker-java/docker-java/3.2.13/docker-java-3.2.13.jar:/home/kepl32/Dev-tools/maven/repo-maven-3.8.3/com/github/docker-java/docker-java-core/3.2.13/docker-java-core-3.2.13.jar:/home/kepl32/Dev-tools/maven/repo-maven-3.8.3/com/github/docker-java/docker-java-api/3.2.13/docker-java-api-3.2.13.jar:/home/kepl32/Dev-tools/maven/repo-maven-3.8.3/com/fasterxml/jackson/core/jackson-annotations/2.10.3/jackson-annotations-2.10.3.jar:/home/kepl32/Dev-tools/maven/repo-maven-3.8.3/commons-io/commons-io/2.6/commons-io-2.6.jar:/home/kepl32/Dev-tools/maven/repo-maven-3.8.3/org/apache/commons/commons-compress/1.21/commons-compress-1.21.jar:/home/kepl32/Dev-tools/maven/repo-maven-3.8.3/com/fasterxml/jackson/core/jackson-databind/2.10.3/jackson-databind-2.10.3.jar:/home/kepl32/Dev-tools/maven/repo-maven-3.8.3/com/fasterxml/jackson/core/jackson-core/2.10.3/jackson-core-2.10.3.jar:/home/kepl32/Dev-tools/maven/repo-maven-3.8.3/org/bouncycastle/bcpkix-jdk15on/1.64/bcpkix-jdk15on-1.64.jar:/home/kepl32/Dev-tools/maven/repo-maven-3.8.3/org/bouncycastle/bcprov-jdk15on/1.64/bcprov-jdk15on-1.64.jar:/home/kepl32/Dev-tools/maven/repo-maven-3.8.3/org/slf4j/jcl-over-slf4j/1.7.30/jcl-over-slf4j-1.7.30.jar:/home/kepl32/Dev-tools/maven/repo-maven-3.8.3/com/github/docker-java/docker-java-transport-httpclient5/3.2.13/docker-java-transport-httpclient5-3.2.13.jar:/home/kepl32/Dev-tools/maven/repo-maven-3.8.3/com/github/docker-java/docker-java-transport/3.2.13/docker-java-transport-3.2.13.jar:/home/kepl32/Dev-tools/maven/repo-maven-3.8.3/org/apache/httpcomponents/client5/httpclient5/5.0.3/httpclient5-5.0.3.jar:/home/kepl32/Dev-tools/maven/repo-maven-3.8.3/org/apache/httpcomponents/core5/httpcore5/5.0.2/httpcore5-5.0.2.jar:/home/kepl32/Dev-tools/maven/repo-maven-3.8.3/commons-codec/commons-codec/1.13/commons-codec-1.13.jar:/home/kepl32/Dev-tools/maven/repo-maven-3.8.3/net/java/dev/jna/jna/5.8.0/jna-5.8.0.jar:/home/kepl32/Dev-tools/maven/repo-maven-3.8.3/org/brotli/dec/0.1.2/dec-0.1.2.jar:/home/kepl32/Dev-tools/maven/repo-maven-3.8.3/org/apache/commons/commons-lang3/3.12.0/commons-lang3-3.12.0.jar:/home/kepl32/Dev-tools/maven/repo-maven-3.8.3/io/cucumber/cucumber-junit/5.6.0/cucumber-junit-5.6.0.jar:/home/kepl32/Dev-tools/maven/repo-maven-3.8.3/junit/junit/4.13/junit-4.13.jar:/home/kepl32/Dev-tools/maven/repo-maven-3.8.3/org/hamcrest/hamcrest-core/1.3/hamcrest-core-1.3.jar:"/>
    <property name="java.vm.vendor" value="Oracle Corporation"/>
    <property name="sun.arch.data.model" value="64"/>
    <property name="java.vendor.url" value="http://java.oracle.com/"/>
    <property name="user.timezone" value="America/Guatemala"/>
    <property name="java.vm.specification.version" value="1.8"/>
    <property name="os.name" value="Linux"/>
    <property name="sun.java.launcher" value="SUN_STANDARD"/>
    <property name="user.country" value="US"/>
    <property name="sun.boot.library.path" value="/home/kepl32/Dev-tools/java/jdk1.8.0_202/jre/lib/amd64"/>
    <property name="sun.java.command" value="/home/kepl32/Downloads/Ejemplo/java-test-tutorial01/target/surefire/surefirebooter2548462358935454644.jar /home/kepl32/Downloads/Ejemplo/java-test-tutorial01/target/surefire 2022-06-30T15-00-23_669-jvmRun1 surefire1232058506000439135tmp surefire_07942390484538143016tmp"/>
    <property name="surefire.test.class.path" value="/home/kepl32/Downloads/Ejemplo/java-test-tutorial01/target/test-classes:/home/kepl32/Downloads/Ejemplo/java-test-tutorial01/target/classes:/home/kepl32/Dev-tools/maven/repo-maven-3.8.3/io/cucumber/cucumber-java/7.0.0/cucumber-java-7.0.0.jar:/home/kepl32/Dev-tools/maven/repo-maven-3.8.3/io/cucumber/cucumber-core/7.0.0/cucumber-core-7.0.0.jar:/home/kepl32/Dev-tools/maven/repo-maven-3.8.3/io/cucumber/cucumber-gherkin/7.0.0/cucumber-gherkin-7.0.0.jar:/home/kepl32/Dev-tools/maven/repo-maven-3.8.3/io/cucumber/cucumber-gherkin-messages/7.0.0/cucumber-gherkin-messages-7.0.0.jar:/home/kepl32/Dev-tools/maven/repo-maven-3.8.3/io/cucumber/messages/17.1.1/messages-17.1.1.jar:/home/kepl32/Dev-tools/maven/repo-maven-3.8.3/io/cucumber/tag-expressions/4.0.2/tag-expressions-4.0.2.jar:/home/kepl32/Dev-tools/maven/repo-maven-3.8.3/io/cucumber/cucumber-expressions/13.0.1/cucumber-expressions-13.0.1.jar:/home/kepl32/Dev-tools/maven/repo-maven-3.8.3/io/cucumber/datatable/7.0.0/datatable-7.0.0.jar:/home/kepl32/Dev-tools/maven/repo-maven-3.8.3/io/cucumber/cucumber-plugin/7.0.0/cucumber-plugin-7.0.0.jar:/home/kepl32/Dev-tools/maven/repo-maven-3.8.3/io/cucumber/docstring/7.0.0/docstring-7.0.0.jar:/home/kepl32/Dev-tools/maven/repo-maven-3.8.3/io/cucumber/html-formatter/17.0.0/html-formatter-17.0.0.jar:/home/kepl32/Dev-tools/maven/repo-maven-3.8.3/io/cucumber/create-meta/6.0.1/create-meta-6.0.1.jar:/home/kepl32/Dev-tools/maven/repo-maven-3.8.3/org/apiguardian/apiguardian-api/1.1.2/apiguardian-api-1.1.2.jar:/home/kepl32/Dev-tools/maven/repo-maven-3.8.3/io/cucumber/cucumber-junit-platform-engine/7.0.0/cucumber-junit-platform-engine-7.0.0.jar:/home/kepl32/Dev-tools/maven/repo-maven-3.8.3/org/junit/platform/junit-platform-engine/1.8.1/junit-platform-engine-1.8.1.jar:/home/kepl32/Dev-tools/maven/repo-maven-3.8.3/org/opentest4j/opentest4j/1.2.0/opentest4j-1.2.0.jar:/home/kepl32/Dev-tools/maven/repo-maven-3.8.3/org/junit/platform/junit-platform-commons/1.8.1/junit-platform-commons-1.8.1.jar:/home/kepl32/Dev-tools/maven/repo-maven-3.8.3/org/junit/platform/junit-platform-suite/1.8.1/junit-platform-suite-1.8.1.jar:/home/kepl32/Dev-tools/maven/repo-maven-3.8.3/org/junit/platform/junit-platform-suite-api/1.8.1/junit-platform-suite-api-1.8.1.jar:/home/kepl32/Dev-tools/maven/repo-maven-3.8.3/org/junit/platform/junit-platform-suite-engine/1.8.1/junit-platform-suite-engine-1.8.1.jar:/home/kepl32/Dev-tools/maven/repo-maven-3.8.3/org/junit/platform/junit-platform-suite-commons/1.8.1/junit-platform-suite-commons-1.8.1.jar:/home/kepl32/Dev-tools/maven/repo-maven-3.8.3/org/junit/platform/junit-platform-launcher/1.8.1/junit-platform-launcher-1.8.1.jar:/home/kepl32/Dev-tools/maven/repo-maven-3.8.3/org/junit/jupiter/junit-jupiter/5.8.1/junit-jupiter-5.8.1.jar:/home/kepl32/Dev-tools/maven/repo-maven-3.8.3/org/junit/jupiter/junit-jupiter-api/5.8.1/junit-jupiter-api-5.8.1.jar:/home/kepl32/Dev-tools/maven/repo-maven-3.8.3/org/junit/jupiter/junit-jupiter-params/5.8.1/junit-jupiter-params-5.8.1.jar:/home/kepl32/Dev-tools/maven/repo-maven-3.8.3/org/junit/jupiter/junit-jupiter-engine/5.8.1/junit-jupiter-engine-5.8.1.jar:/home/kepl32/Dev-tools/maven/repo-maven-3.8.3/org/seleniumhq/selenium/selenium-java/4.2.2/selenium-java-4.2.2.jar:/home/kepl32/Dev-tools/maven/repo-maven-3.8.3/org/seleniumhq/selenium/selenium-api/4.2.2/selenium-api-4.2.2.jar:/home/kepl32/Dev-tools/maven/repo-maven-3.8.3/org/seleniumhq/selenium/selenium-chrome-driver/4.2.2/selenium-chrome-driver-4.2.2.jar:/home/kepl32/Dev-tools/maven/repo-maven-3.8.3/com/google/auto/service/auto-service-annotations/1.0.1/auto-service-annotations-1.0.1.jar:/home/kepl32/Dev-tools/maven/repo-maven-3.8.3/com/google/auto/service/auto-service/1.0.1/auto-service-1.0.1.jar:/home/kepl32/Dev-tools/maven/repo-maven-3.8.3/com/google/auto/auto-common/1.2/auto-common-1.2.jar:/home/kepl32/Dev-tools/maven/repo-maven-3.8.3/com/google/guava/guava/31.1-jre/guava-31.1-jre.jar:/home/kepl32/Dev-tools/maven/repo-maven-3.8.3/com/google/guava/failureaccess/1.0.1/failureaccess-1.0.1.jar:/home/kepl32/Dev-tools/maven/repo-maven-3.8.3/com/google/guava/listenablefuture/9999.0-empty-to-avoid-conflict-with-guava/listenablefuture-9999.0-empty-to-avoid-conflict-with-guava.jar:/home/kepl32/Dev-tools/maven/repo-maven-3.8.3/com/google/code/findbugs/jsr305/3.0.2/jsr305-3.0.2.jar:/home/kepl32/Dev-tools/maven/repo-maven-3.8.3/org/checkerframework/checker-qual/3.12.0/checker-qual-3.12.0.jar:/home/kepl32/Dev-tools/maven/repo-maven-3.8.3/com/google/errorprone/error_prone_annotations/2.11.0/error_prone_annotations-2.11.0.jar:/home/kepl32/Dev-tools/maven/repo-maven-3.8.3/com/google/j2objc/j2objc-annotations/1.3/j2objc-annotations-1.3.jar:/home/kepl32/Dev-tools/maven/repo-maven-3.8.3/org/seleniumhq/selenium/selenium-chromium-driver/4.2.2/selenium-chromium-driver-4.2.2.jar:/home/kepl32/Dev-tools/maven/repo-maven-3.8.3/org/seleniumhq/selenium/selenium-json/4.2.2/selenium-json-4.2.2.jar:/home/kepl32/Dev-tools/maven/repo-maven-3.8.3/org/seleniumhq/selenium/selenium-devtools-v100/4.2.2/selenium-devtools-v100-4.2.2.jar:/home/kepl32/Dev-tools/maven/repo-maven-3.8.3/org/seleniumhq/selenium/selenium-devtools-v101/4.2.2/selenium-devtools-v101-4.2.2.jar:/home/kepl32/Dev-tools/maven/repo-maven-3.8.3/org/seleniumhq/selenium/selenium-devtools-v102/4.2.2/selenium-devtools-v102-4.2.2.jar:/home/kepl32/Dev-tools/maven/repo-maven-3.8.3/org/seleniumhq/selenium/selenium-devtools-v85/4.2.2/selenium-devtools-v85-4.2.2.jar:/home/kepl32/Dev-tools/maven/repo-maven-3.8.3/org/seleniumhq/selenium/selenium-edge-driver/4.2.2/selenium-edge-driver-4.2.2.jar:/home/kepl32/Dev-tools/maven/repo-maven-3.8.3/org/seleniumhq/selenium/selenium-firefox-driver/4.2.2/selenium-firefox-driver-4.2.2.jar:/home/kepl32/Dev-tools/maven/repo-maven-3.8.3/org/seleniumhq/selenium/selenium-ie-driver/4.2.2/selenium-ie-driver-4.2.2.jar:/home/kepl32/Dev-tools/maven/repo-maven-3.8.3/org/seleniumhq/selenium/selenium-opera-driver/4.2.2/selenium-opera-driver-4.2.2.jar:/home/kepl32/Dev-tools/maven/repo-maven-3.8.3/org/seleniumhq/selenium/selenium-remote-driver/4.2.2/selenium-remote-driver-4.2.2.jar:/home/kepl32/Dev-tools/maven/repo-maven-3.8.3/com/beust/jcommander/1.82/jcommander-1.82.jar:/home/kepl32/Dev-tools/maven/repo-maven-3.8.3/io/netty/netty-buffer/4.1.77.Final/netty-buffer-4.1.77.Final.jar:/home/kepl32/Dev-tools/maven/repo-maven-3.8.3/io/netty/netty-codec-http/4.1.77.Final/netty-codec-http-4.1.77.Final.jar:/home/kepl32/Dev-tools/maven/repo-maven-3.8.3/io/netty/netty-codec/4.1.77.Final/netty-codec-4.1.77.Final.jar:/home/kepl32/Dev-tools/maven/repo-maven-3.8.3/io/netty/netty-handler/4.1.77.Final/netty-handler-4.1.77.Final.jar:/home/kepl32/Dev-tools/maven/repo-maven-3.8.3/io/netty/netty-common/4.1.77.Final/netty-common-4.1.77.Final.jar:/home/kepl32/Dev-tools/maven/repo-maven-3.8.3/io/netty/netty-transport-classes-epoll/4.1.77.Final/netty-transport-classes-epoll-4.1.77.Final.jar:/home/kepl32/Dev-tools/maven/repo-maven-3.8.3/io/netty/netty-transport-classes-kqueue/4.1.77.Final/netty-transport-classes-kqueue-4.1.77.Final.jar:/home/kepl32/Dev-tools/maven/repo-maven-3.8.3/io/netty/netty-transport-native-epoll/4.1.77.Final/netty-transport-native-epoll-4.1.77.Final.jar:/home/kepl32/Dev-tools/maven/repo-maven-3.8.3/io/netty/netty-transport-native-kqueue/4.1.77.Final/netty-transport-native-kqueue-4.1.77.Final.jar:/home/kepl32/Dev-tools/maven/repo-maven-3.8.3/io/netty/netty-transport-native-unix-common/4.1.77.Final/netty-transport-native-unix-common-4.1.77.Final.jar:/home/kepl32/Dev-tools/maven/repo-maven-3.8.3/io/netty/netty-transport/4.1.77.Final/netty-transport-4.1.77.Final.jar:/home/kepl32/Dev-tools/maven/repo-maven-3.8.3/io/netty/netty-resolver/4.1.77.Final/netty-resolver-4.1.77.Final.jar:/home/kepl32/Dev-tools/maven/repo-maven-3.8.3/io/opentelemetry/opentelemetry-api/1.14.0/opentelemetry-api-1.14.0.jar:/home/kepl32/Dev-tools/maven/repo-maven-3.8.3/io/opentelemetry/opentelemetry-context/1.14.0/opentelemetry-context-1.14.0.jar:/home/kepl32/Dev-tools/maven/repo-maven-3.8.3/io/opentelemetry/opentelemetry-exporter-logging/1.14.0/opentelemetry-exporter-logging-1.14.0.jar:/home/kepl32/Dev-tools/maven/repo-maven-3.8.3/io/opentelemetry/opentelemetry-sdk-metrics/1.14.0/opentelemetry-sdk-metrics-1.14.0.jar:/home/kepl32/Dev-tools/maven/repo-maven-3.8.3/io/opentelemetry/opentelemetry-sdk-logs/1.14.0-alpha/opentelemetry-sdk-logs-1.14.0-alpha.jar:/home/kepl32/Dev-tools/maven/repo-maven-3.8.3/io/opentelemetry/opentelemetry-sdk-common/1.14.0/opentelemetry-sdk-common-1.14.0.jar:/home/kepl32/Dev-tools/maven/repo-maven-3.8.3/io/opentelemetry/opentelemetry-sdk-extension-autoconfigure-spi/1.14.0/opentelemetry-sdk-extension-autoconfigure-spi-1.14.0.jar:/home/kepl32/Dev-tools/maven/repo-maven-3.8.3/io/opentelemetry/opentelemetry-sdk-extension-autoconfigure/1.14.0-alpha/opentelemetry-sdk-extension-autoconfigure-1.14.0-alpha.jar:/home/kepl32/Dev-tools/maven/repo-maven-3.8.3/io/opentelemetry/opentelemetry-sdk-trace/1.14.0/opentelemetry-sdk-trace-1.14.0.jar:/home/kepl32/Dev-tools/maven/repo-maven-3.8.3/io/opentelemetry/opentelemetry-sdk/1.14.0/opentelemetry-sdk-1.14.0.jar:/home/kepl32/Dev-tools/maven/repo-maven-3.8.3/io/opentelemetry/opentelemetry-semconv/1.14.0-alpha/opentelemetry-semconv-1.14.0-alpha.jar:/home/kepl32/Dev-tools/maven/repo-maven-3.8.3/io/ous/jtoml/2.0.0/jtoml-2.0.0.jar:/home/kepl32/Dev-tools/maven/repo-maven-3.8.3/net/bytebuddy/byte-buddy/1.12.10/byte-buddy-1.12.10.jar:/home/kepl32/Dev-tools/maven/repo-maven-3.8.3/org/apache/commons/commons-exec/1.3/commons-exec-1.3.jar:/home/kepl32/Dev-tools/maven/repo-maven-3.8.3/org/asynchttpclient/async-http-client/2.12.3/async-http-client-2.12.3.jar:/home/kepl32/Dev-tools/maven/repo-maven-3.8.3/org/asynchttpclient/async-http-client-netty-utils/2.12.3/async-http-client-netty-utils-2.12.3.jar:/home/kepl32/Dev-tools/maven/repo-maven-3.8.3/io/netty/netty-codec-socks/4.1.60.Final/netty-codec-socks-4.1.60.Final.jar:/home/kepl32/Dev-tools/maven/repo-maven-3.8.3/io/netty/netty-handler-proxy/4.1.60.Final/netty-handler-proxy-4.1.60.Final.jar:/home/kepl32/Dev-tools/maven/repo-maven-3.8.3/io/netty/netty-transport-native-epoll/4.1.60.Final/netty-transport-native-epoll-4.1.60.Final-linux-x86_64.jar:/home/kepl32/Dev-tools/maven/repo-maven-3.8.3/io/netty/netty-transport-native-kqueue/4.1.60.Final/netty-transport-native-kqueue-4.1.60.Final-osx-x86_64.jar:/home/kepl32/Dev-tools/maven/repo-maven-3.8.3/org/reactivestreams/reactive-streams/1.0.3/reactive-streams-1.0.3.jar:/home/kepl32/Dev-tools/maven/repo-maven-3.8.3/com/typesafe/netty/netty-reactive-streams/2.0.4/netty-reactive-streams-2.0.4.jar:/home/kepl32/Dev-tools/maven/repo-maven-3.8.3/com/sun/activation/jakarta.activation/1.2.2/jakarta.activation-1.2.2.jar:/home/kepl32/Dev-tools/maven/repo-maven-3.8.3/org/seleniumhq/selenium/selenium-http/4.2.2/selenium-http-4.2.2.jar:/home/kepl32/Dev-tools/maven/repo-maven-3.8.3/dev/failsafe/failsafe/3.2.4/failsafe-3.2.4.jar:/home/kepl32/Dev-tools/maven/repo-maven-3.8.3/org/seleniumhq/selenium/selenium-safari-driver/4.2.2/selenium-safari-driver-4.2.2.jar:/home/kepl32/Dev-tools/maven/repo-maven-3.8.3/org/seleniumhq/selenium/selenium-support/4.2.2/selenium-support-4.2.2.jar:/home/kepl32/Dev-tools/maven/repo-maven-3.8.3/io/github/bonigarcia/webdrivermanager/5.1.0/webdrivermanager-5.1.0.jar:/home/kepl32/Dev-tools/maven/repo-maven-3.8.3/org/slf4j/slf4j-api/1.7.36/slf4j-api-1.7.36.jar:/home/kepl32/Dev-tools/maven/repo-maven-3.8.3/com/google/code/gson/gson/2.9.0/gson-2.9.0.jar:/home/kepl32/Dev-tools/maven/repo-maven-3.8.3/com/github/docker-java/docker-java/3.2.13/docker-java-3.2.13.jar:/home/kepl32/Dev-tools/maven/repo-maven-3.8.3/com/github/docker-java/docker-java-core/3.2.13/docker-java-core-3.2.13.jar:/home/kepl32/Dev-tools/maven/repo-maven-3.8.3/com/github/docker-java/docker-java-api/3.2.13/docker-java-api-3.2.13.jar:/home/kepl32/Dev-tools/maven/repo-maven-3.8.3/com/fasterxml/jackson/core/jackson-annotations/2.10.3/jackson-annotations-2.10.3.jar:/home/kepl32/Dev-tools/maven/repo-maven-3.8.3/commons-io/commons-io/2.6/commons-io-2.6.jar:/home/kepl32/Dev-tools/maven/repo-maven-3.8.3/org/apache/commons/commons-compress/1.21/commons-compress-1.21.jar:/home/kepl32/Dev-tools/maven/repo-maven-3.8.3/com/fasterxml/jackson/core/jackson-databind/2.10.3/jackson-databind-2.10.3.jar:/home/kepl32/Dev-tools/maven/repo-maven-3.8.3/com/fasterxml/jackson/core/jackson-core/2.10.3/jackson-core-2.10.3.jar:/home/kepl32/Dev-tools/maven/repo-maven-3.8.3/org/bouncycastle/bcpkix-jdk15on/1.64/bcpkix-jdk15on-1.64.jar:/home/kepl32/Dev-tools/maven/repo-maven-3.8.3/org/bouncycastle/bcprov-jdk15on/1.64/bcprov-jdk15on-1.64.jar:/home/kepl32/Dev-tools/maven/repo-maven-3.8.3/org/slf4j/jcl-over-slf4j/1.7.30/jcl-over-slf4j-1.7.30.jar:/home/kepl32/Dev-tools/maven/repo-maven-3.8.3/com/github/docker-java/docker-java-transport-httpclient5/3.2.13/docker-java-transport-httpclient5-3.2.13.jar:/home/kepl32/Dev-tools/maven/repo-maven-3.8.3/com/github/docker-java/docker-java-transport/3.2.13/docker-java-transport-3.2.13.jar:/home/kepl32/Dev-tools/maven/repo-maven-3.8.3/org/apache/httpcomponents/client5/httpclient5/5.0.3/httpclient5-5.0.3.jar:/home/kepl32/Dev-tools/maven/repo-maven-3.8.3/org/apache/httpcomponents/core5/httpcore5/5.0.2/httpcore5-5.0.2.jar:/home/kepl32/Dev-tools/maven/repo-maven-3.8.3/commons-codec/commons-codec/1.13/commons-codec-1.13.jar:/home/kepl32/Dev-tools/maven/repo-maven-3.8.3/net/java/dev/jna/jna/5.8.0/jna-5.8.0.jar:/home/kepl32/Dev-tools/maven/repo-maven-3.8.3/org/brotli/dec/0.1.2/dec-0.1.2.jar:/home/kepl32/Dev-tools/maven/repo-maven-3.8.3/org/apache/commons/commons-lang3/3.12.0/commons-lang3-3.12.0.jar:/home/kepl32/Dev-tools/maven/repo-maven-3.8.3/io/cucumber/cucumber-junit/5.6.0/cucumber-junit-5.6.0.jar:/home/kepl32/Dev-tools/maven/repo-maven-3.8.3/junit/junit/4.13/junit-4.13.jar:/home/kepl32/Dev-tools/maven/repo-maven-3.8.3/org/hamcrest/hamcrest-core/1.3/hamcrest-core-1.3.jar:"/>
    <property name="sun.cpu.endian" value="little"/>
    <property name="user.home" value="/home/kepl32"/>
    <property name="user.language" value="en"/>
    <property name="java.specification.vendor" value="Oracle Corporation"/>
    <property name="java.home" value="/home/kepl32/Dev-tools/java/jdk1.8.0_202/jre"/>
    <property name="basedir" value="/home/kepl32/Downloads/Ejemplo/java-test-tutorial01"/>
    <property name="file.separator" value="/"/>
    <property name="line.separator" value="&#10;"/>
    <property name="java.vm.specification.vendor" value="Oracle Corporation"/>
    <property name="java.specification.name" value="Java Platform API Specification"/>
    <property name="java.awt.graphicsenv" value="sun.awt.X11GraphicsEnvironment"/>
    <property name="surefire.real.class.path" value="/home/kepl32/Downloads/Ejemplo/java-test-tutorial01/target/surefire/surefirebooter2548462358935454644.jar"/>
    <property name="sun.boot.class.path" value="/home/kepl32/Dev-tools/java/jdk1.8.0_202/jre/lib/resources.jar:/home/kepl32/Dev-tools/java/jdk1.8.0_202/jre/lib/rt.jar:/home/kepl32/Dev-tools/java/jdk1.8.0_202/jre/lib/sunrsasign.jar:/home/kepl32/Dev-tools/java/jdk1.8.0_202/jre/lib/jsse.jar:/home/kepl32/Dev-tools/java/jdk1.8.0_202/jre/lib/jce.jar:/home/kepl32/Dev-tools/java/jdk1.8.0_202/jre/lib/charsets.jar:/home/kepl32/Dev-tools/java/jdk1.8.0_202/jre/lib/jfr.jar:/home/kepl32/Dev-tools/java/jdk1.8.0_202/jre/classes"/>
    <property name="sun.management.compiler" value="HotSpot 64-Bit Tiered Compilers"/>
    <property name="java.runtime.version" value="1.8.0_202-b08"/>
    <property name="user.name" value="kepl32"/>
    <property name="path.separator" value=":"/>
    <property name="os.version" value="5.17.12-100.fc34.x86_64"/>
    <property name="java.endorsed.dirs" value="/home/kepl32/Dev-tools/java/jdk1.8.0_202/jre/lib/endorsed"/>
    <property name="java.runtime.name" value="Java(TM) SE Runtime Environment"/>
    <property name="file.encoding" value="UTF-8"/>
    <property name="java.vm.name" value="Java HotSpot(TM) 64-Bit Server VM"/>
    <property name="maven.ext.class.path" value="/home/kepl32/Documents/Proyectos/netbeans-13/netbeans/java/maven-nblib/netbeans-eventspy.jar"/>
    <property name="localRepository" value="/home/kepl32/Dev-tools/maven/repo-maven-3.8.3"/>
    <property name="java.vendor.url.bug" value="http://bugreport.sun.com/bugreport/"/>
    <property name="java.io.tmpdir" value="/tmp"/>
    <property name="java.version" value="1.8.0_202"/>
    <property name="user.dir" value="/home/kepl32/Downloads/Ejemplo/java-test-tutorial01"/>
    <property name="os.arch" value="amd64"/>
    <property name="java.vm.specification.name" value="Java Virtual Machine Specification"/>
    <property name="java.awt.printerjob" value="sun.print.PSPrinterJob"/>
    <property name="sun.os.patch.level" value="unknown"/>
    <property name="java.library.path" value="/usr/java/packages/lib/amd64:/usr/lib64:/lib64:/lib:/usr/lib"/>
    <property name="java.vm.info" value="mixed mode"/>
    <property name="java.vendor" value="Oracle Corporation"/>
    <property name="java.vm.version" value="25.202-b08"/>
    <property name="java.ext.dirs" value="/home/kepl32/Dev-tools/java/jdk1.8.0_202/jre/lib/ext:/usr/java/packages/lib/ext"/>
    <property name="sun.io.unicode.encoding" value="UnicodeLittle"/>
    <property name="java.class.version" value="52.0"/>
  </properties>
  <testcase name="Verificar Seccion logo" classname="Secciones del sitio web" time="9.277">
    <error type="org.openqa.selenium.NoSuchElementException"><![CDATA[org.openqa.selenium.NoSuchElementException: 
no such element: Unable to locate element: {"method":"css selector","selector":".custom\-logo2"}
  (Session info: chrome=102.0.5005.115)
For documentation on this error, please visit: https://selenium.dev/exceptions/#no_such_element
Build info: version: '4.2.2', revision: '683ccb65d6'
System info: host: 'fedora', ip: '192.168.0.25', os.name: 'Linux', os.arch: 'amd64', os.version: '5.17.12-100.fc34.x86_64', java.version: '1.8.0_202'
Driver info: org.openqa.selenium.chrome.ChromeDriver
Command: [5b53c3f3aa89d39684bd98959262455d, findElement {using=class name, value=custom-logo2}]
Capabilities {acceptInsecureCerts: false, browserName: chrome, browserVersion: 102.0.5005.115, chrome: {chromedriverVersion: 102.0.5005.61 (0e59bcc00cc4..., userDataDir: /tmp/.com.google.Chrome.xOMnJo}, goog:chromeOptions: {debuggerAddress: localhost:46835}, networkConnectionEnabled: false, pageLoadStrategy: normal, platformName: LINUX, proxy: Proxy(), se:cdp: ws://localhost:46835/devtoo..., se:cdpVersion: 102.0.5005.115, setWindowRect: true, strictFileInteractability: false, timeouts: {implicit: 0, pageLoad: 300000, script: 30000}, unhandledPromptBehavior: dismiss and notify, webauthn:extension:credBlob: true, webauthn:extension:largeBlob: true, webauthn:virtualAuthenticators: true}
Session ID: 5b53c3f3aa89d39684bd98959262455d
]]></error>
    <system-out><![CDATA[
Scenario: Verificar Seccion logo                    &amp#27;[90m# gt/solucion10x/cucumber/secciones_sitio_web.feature:4&amp#27;[0m
  &amp#27;[32mGiven &amp#27;[0m&amp#27;[32mAbrir navegador web e ingresar al sitio web&amp#27;[0m &amp#27;[90m# gt.solucion10x.cucumber.StepDefinitions.abrir_navegador_web_e_ingresar_al_sitio_web()&amp#27;[0m
  &amp#27;[32mAnd &amp#27;[0m&amp#27;[32mNavegador debe mostrar el sitio web&amp#27;[0m           &amp#27;[90m# gt.solucion10x.cucumber.StepDefinitions.navegador_debe_mostrar_el_sitio_web()&amp#27;[0m
  &amp#27;[31mThen &amp#27;[0m&amp#27;[31mEl sitio web debe mostrar el logo&amp#27;[0m            &amp#27;[90m# gt.solucion10x.cucumber.StepDefinitions.el_sitio_web_debe_mostrar_el_logo()&amp#27;[0m
      &amp#27;[31morg.openqa.selenium.NoSuchElementException: no such element: Unable to locate element: {"method":"css selector","selector":".custom\-logo2"}
  (Session info: chrome=102.0.5005.115)
For documentation on this error, please visit: https://selenium.dev/exceptions/#no_such_element
Build info: version: '4.2.2', revision: '683ccb65d6'
System info: host: 'fedora', ip: '192.168.0.25', os.name: 'Linux', os.arch: 'amd64', os.version: '5.17.12-100.fc34.x86_64', java.version: '1.8.0_202'
Driver info: org.openqa.selenium.chrome.ChromeDriver
Command: [5b53c3f3aa89d39684bd98959262455d, findElement {using=class name, value=custom-logo2}]
Capabilities {acceptInsecureCerts: false, browserName: chrome, browserVersion: 102.0.5005.115, chrome: {chromedriverVersion: 102.0.5005.61 (0e59bcc00cc4..., userDataDir: /tmp/.com.google.Chrome.xOMnJo}, goog:chromeOptions: {debuggerAddress: localhost:46835}, networkConnectionEnabled: false, pageLoadStrategy: normal, platformName: LINUX, proxy: Proxy(), se:cdp: ws://localhost:46835/devtoo..., se:cdpVersion: 102.0.5005.115, setWindowRect: true, strictFileInteractability: false, timeouts: {implicit: 0, pageLoad: 300000, script: 30000}, unhandledPromptBehavior: dismiss and notify, webauthn:extension:credBlob: true, webauthn:extension:largeBlob: true, webauthn:virtualAuthenticators: true}
Session ID: 5b53c3f3aa89d39684bd98959262455d
	at sun.reflect.NativeConstructorAccessorImpl.newInstance0(Native Method)
	at sun.reflect.NativeConstructorAccessorImpl.newInstance(NativeConstructorAccessorImpl.java:62)
	at sun.reflect.DelegatingConstructorAccessorImpl.newInstance(DelegatingConstructorAccessorImpl.java:45)
	at java.lang.reflect.Constructor.newInstance(Constructor.java:423)
	at org.openqa.selenium.remote.codec.w3c.W3CHttpResponseCodec.createException(W3CHttpResponseCodec.java:200)
	at org.openqa.selenium.remote.codec.w3c.W3CHttpResponseCodec.decode(W3CHttpResponseCodec.java:133)
	at org.openqa.selenium.remote.codec.w3c.W3CHttpResponseCodec.decode(W3CHttpResponseCodec.java:53)
	at org.openqa.selenium.remote.HttpCommandExecutor.execute(HttpCommandExecutor.java:184)
	at org.openqa.selenium.remote.service.DriverCommandExecutor.invokeExecute(DriverCommandExecutor.java:167)
	at org.openqa.selenium.remote.service.DriverCommandExecutor.execute(DriverCommandExecutor.java:142)
	at org.openqa.selenium.remote.RemoteWebDriver.execute(RemoteWebDriver.java:588)
	at org.openqa.selenium.remote.ElementLocation$ElementFinder$2.findElement(ElementLocation.java:162)
	at org.openqa.selenium.remote.ElementLocation.findElement(ElementLocation.java:66)
	at org.openqa.selenium.remote.RemoteWebDriver.findElement(RemoteWebDriver.java:406)
	at org.openqa.selenium.remote.RemoteWebDriver.findElement(RemoteWebDriver.java:398)
	at gt.solucion10x.cucumber.StepDefinitions.el_sitio_web_debe_mostrar_el_logo(StepDefinitions.java:33)
	at ✽.El sitio web debe mostrar el logo(classpath:gt/solucion10x/cucumber/secciones_sitio_web.feature:7)
&amp#27;[0m
]]></system-out>
    <system-err><![CDATA[SLF4J: Failed to load class "org.slf4j.impl.StaticLoggerBinder".
SLF4J: Defaulting to no-operation (NOP) logger implementation
SLF4J: See http://www.slf4j.org/codes.html#StaticLoggerBinder for further details.
Starting ChromeDriver 102.0.5005.61 (0e59bcc00cc4985ce39ad31c150065f159d95ad3-refs/branch-heads/5005@{#819}) on port 52248
Only local connections are allowed.
Please see https://chromedriver.chromium.org/security-considerations for suggestions on keeping ChromeDriver safe.
ChromeDriver was started successfully.
Jun 30, 2022 3:00:26 PM org.openqa.selenium.remote.ProtocolHandshake createSession
INFO: Detected upstream dialect: W3C
Jun 30, 2022 3:00:26 PM org.openqa.selenium.devtools.CdpVersionFinder findNearestMatch
INFO: Found exact CDP implementation for version 102
]]></system-err>
  </testcase>
</testsuite>